[17:59:47][main.cpp:1119]: Not compiled with PDX_DEBUG. Memory usage info will be limited.
[18:01:06][gameapplication.cpp:553]: Memory before first init: 102912KB memory.
[18:01:06][gameapplication.cpp:566]: InitTextureLookup(gfx/models) takes 16KB memory.
[18:01:13][gameapplication.cpp:904]: InitBase:: CApplication takes 1640KB memory.
[18:01:13][gameapplication.cpp:1005]: InitBase:: CGameGraphics takes 15468KB memory.
[18:01:13][gameapplication.cpp:1012]: InitBase:: InitLoadScreen takes 7656KB memory.
[18:01:16][gameapplication.cpp:1044]: InitBase:: InitGUI takes 118180KB memory.
[18:01:16][gameapplication.cpp:1097]: InitBase:: AddMapShaderDefines takes 4KB memory.
[18:01:16][gameapplication.cpp:1107]: InitBase:: CGraphicalCultureTypeDataBase takes 1476KB memory.
[18:01:16][gameapplication.cpp:572]: InitBase takes 174772KB memory.
[18:01:17][gameapplication.cpp:579]: _pGraphics->Init3DTypes() takes 102120KB memory.
[18:01:17][gameapplication.cpp:587]: LoadAssets takes 11612KB memory.
[18:01:19][map.cpp:612]: ThreadedPostPostRead:: GenerateBoundingBoxes takes 6228KB memory.
[18:01:19][map.cpp:617]: ThreadedPostPostRead:: CalculateAdjacencies takes 9928KB memory.
[18:01:20][map.cpp:630]: ThreadedPostPostRead:: CProvinceTemplate takes 41656KB memory.
[18:01:20][gameapplication.cpp:1137]: InitGame:: LoadDatabases takes 79500KB memory.
[18:01:21][gameapplication.cpp:1185]: InitGame:: achivements, event and onactions takes 14728KB memory.
[18:01:22][gradientbordermanager.cpp:170]: Pre layersallocation: 13232KB memory.
[18:01:22][gradientborder.cpp:1223]: Buffer: 4KB memory.
[18:01:22][gradientborder.cpp:1251]: _ProvinceMask: 140KB memory.
[18:01:22][gradientborder.cpp:1256]: ClearBuffer: 11264KB memory.
[18:01:22][gradientbordermanager.cpp:179]: AllocateLocalBuffers[0]: 11408KB memory.
[18:01:22][gradientborder.cpp:1223]: Buffer: 4KB memory.
[18:01:22][gradientborder.cpp:1251]: _ProvinceMask: 136KB memory.
[18:01:22][gradientborder.cpp:1256]: ClearBuffer: 11264KB memory.
[18:01:22][gradientbordermanager.cpp:179]: AllocateLocalBuffers[1]: 11404KB memory.
[18:01:22][gradientborder.cpp:1223]: Buffer: 4KB memory.
[18:01:22][gradientborder.cpp:1251]: _ProvinceMask: 140KB memory.
[18:01:22][gradientborder.cpp:1256]: ClearBuffer: 11264KB memory.
[18:01:22][gradientbordermanager.cpp:179]: AllocateLocalBuffers[2]: 11408KB memory.
[18:01:22][gradientborder.cpp:1223]: Buffer: 4KB memory.
[18:01:22][gradientborder.cpp:1251]: _ProvinceMask: 136KB memory.
[18:01:22][gradientborder.cpp:1256]: ClearBuffer: 11264KB memory.
[18:01:22][gradientbordermanager.cpp:179]: AllocateLocalBuffers[3]: 11404KB memory.
[18:01:22][gradientborder.cpp:1223]: Buffer: 4KB memory.
[18:01:22][gradientborder.cpp:1251]: _ProvinceMask: 140KB memory.
[18:01:22][gradientborder.cpp:1256]: ClearBuffer: 11264KB memory.
[18:01:22][gradientbordermanager.cpp:179]: AllocateLocalBuffers[4]: 11408KB memory.
[18:01:22][gradientborder.cpp:1251]: _ProvinceMask: 136KB memory.
[18:01:22][gradientborder.cpp:1256]: ClearBuffer: 0KB memory.
[18:01:22][gradientbordermanager.cpp:179]: AllocateLocalBuffers[5]: 136KB memory.
[18:01:22][gradientborder.cpp:1251]: _ProvinceMask: 140KB memory.
[18:01:22][gradientborder.cpp:1256]: ClearBuffer: 0KB memory.
[18:01:22][gradientbordermanager.cpp:179]: AllocateLocalBuffers[6]: 140KB memory.
[18:01:22][gradientborder.cpp:1251]: _ProvinceMask: 140KB memory.
[18:01:22][gradientborder.cpp:1256]: ClearBuffer: 0KB memory.
[18:01:22][gradientbordermanager.cpp:179]: AllocateLocalBuffers[7]: 140KB memory.
[18:01:22][gradientborder.cpp:1251]: _ProvinceMask: 136KB memory.
[18:01:22][gradientborder.cpp:1256]: ClearBuffer: 0KB memory.
[18:01:22][gradientbordermanager.cpp:179]: AllocateLocalBuffers[8]: 136KB memory.
[18:01:22][gradientbordermanager.cpp:186]: After layersallocation: 45128KB memory.
[18:01:22][mapmodemanager.cpp:233]: _pGBMan->LoadDatabase: 115948KB memory.
[18:01:22][gamestate.cpp:455]: InitGameState:: CreateMapModes 115992KB memory.
[18:01:22][gameapplication.cpp:1204]: InitGame:: Creating gamestate takes 268196KB memory.
[18:01:22][gameapplication.cpp:1218]: InitGame:: CAIAreaDatabasee::BuildProvinceAreaLookup takes 68KB memory.
[18:01:26][gameapplication.cpp:1231]: InitGame:: LoadFlagTextures takes 2096KB memory.
[18:01:26][gameapplication.cpp:1238]: InitGame:: CMapIconManagerImpl takes 4KB memory.
[18:01:27][gameapplication.cpp:1244]: InitGame:: CFrontEnd takes 3644KB memory.
[18:01:27][gameapplication.cpp:1273]: InitGame:: CButtonMenu takes 0KB memory.
[18:01:27][gameapplication.cpp:1280]: InitGame:: DumpMissing takes 1028KB memory.
[18:01:27][gameapplication.cpp:1286]: InitGame:: InitFileWatchers takes -188KB memory.
[18:01:27][gameapplication.cpp:591]: InitGame() takes 368424KB memory.
[18:01:41][gameapplication.cpp:1319]: InitMap:: CGraphicalMap takes 313540KB memory.
[18:01:42][gameapplication.cpp:1326]: InitMap:: Init map stuff takes -12KB memory.
[18:01:42][frontend.cpp:417]: _Super.InitMap takes 313532KB memory.
