[17:59:50][gfx_dx9.cpp:4026]: Loading settings for adapter -1, fullscreen=0, multisample=15
[17:59:50][gfx_dx9.cpp:4048]: Graphic Adapters: 
[17:59:50][gfx_dx9.cpp:4056]: 	0: NVIDIA GeForce GTX 970
[17:59:50][gfx_dx9.cpp:4075]: Using Adapter [0] to check for multi-sampling support:
[17:59:50][gfx_dx9.cpp:4093]: Using Adapter [0]:
[17:59:50][gfx_dx9.cpp:4099]: Succeeded to create a device [D3DCREATE_HARDWARE_VERTEXPROCESSING].
[17:59:50][gfx_dx9.cpp:4138]: Graphics device: NVIDIA GeForce GTX 970
[17:59:50][gfx_dx9.cpp:4139]: Graphics driver: nvldumdx.dll
[17:59:50][gfx_dx9.cpp:4140]: Driver version: 3615
[17:59:50][gfx_dx9.cpp:4155]: 


Dumping all gfx info:
DeviceIdentifier:	{D7B71E3E-5082-11CF-CD79-6F111BC2D735}
VendorId:	4318
DeviceId:	5058
SubSysId:	828445794
Revision:	161
DriverVersion.HighPart:	1703957
DriverVersion.LowPart:	921119


[17:59:50][gfx_dx9.cpp:4175]: Instancing supported.
[17:59:50][gfx_dx9.cpp:4224]: Video memory amount: 4095MB
[17:59:50][gfx_dx9.cpp:4225]: MaxSimultaneousTextures: 8
[17:59:50][gfx_dx9.cpp:4226]: MaxVertexBlendMatrices: 4
[17:59:50][gfx_dx9.cpp:4227]: MaxVertexBlendMatrixIndex: 8
[17:59:50][gfx_dx9.cpp:4228]: MaxSimultaneousTextures: 8
[17:59:50][gfx_dx9.cpp:4229]: MaxTextureBlendStages: 8
[17:59:50][gfx_dx9.cpp:4230]: MaxTextureWidth: 16384
[17:59:50][gfx_dx9.cpp:4231]: MaxTextureHeight: 16384
[17:59:50][gfx_dx9.cpp:4234]: Vertex Shader version: 3.0
[17:59:50][gfx_dx9.cpp:4239]: Pixel Shader version: 3.0
[17:59:50][graphicssettings.cpp:184]: 	2 samples supported.
[17:59:50][graphicssettings.cpp:184]: 	4 samples supported.
[17:59:50][graphicssettings.cpp:184]: 	8 samples supported.
[17:59:50][graphicssettings.cpp:216]: Support for Anisotropic filtering found.
[17:59:50][graphicssettings.cpp:219]: 	Max Anisotropic filtering supported: 16
[17:59:50][graphicssettings.cpp:220]: 	Anisotropic filtering set to: 4
[17:59:50][graphicssettings.cpp:756]: Not using multisampling.
[17:59:50][graphics.cpp:955]: Creating device with: HARDWARE_VERTEXPROCESSING
	Fullscreen=no
	Resolution=1000x600
[17:59:50][graphicssettings.cpp:715]: Usable res: 640 480 60
[17:59:50][graphicssettings.cpp:715]: Usable res: 720 480 56
[17:59:50][graphicssettings.cpp:715]: Usable res: 720 480 60
[17:59:50][graphicssettings.cpp:715]: Usable res: 720 576 56
[17:59:50][graphicssettings.cpp:715]: Usable res: 720 576 60
[17:59:50][graphicssettings.cpp:715]: Usable res: 800 600 56
[17:59:50][graphicssettings.cpp:715]: Usable res: 800 600 60
[17:59:50][graphicssettings.cpp:715]: Usable res: 1024 768 60
[17:59:50][graphicssettings.cpp:715]: Usable res: 1024 768 70
[17:59:50][graphicssettings.cpp:715]: Usable res: 1152 864 75
[17:59:50][graphicssettings.cpp:715]: Usable res: 1280 720 60
[17:59:50][graphicssettings.cpp:715]: Usable res: 1280 768 60
[17:59:50][graphicssettings.cpp:715]: Usable res: 1280 800 60
[17:59:50][graphicssettings.cpp:715]: Usable res: 1280 960 60
[17:59:50][graphicssettings.cpp:715]: Usable res: 1280 1024 60
[17:59:50][graphicssettings.cpp:715]: Usable res: 1360 768 60
[17:59:50][graphicssettings.cpp:715]: Usable res: 1366 768 60
[17:59:50][graphicssettings.cpp:715]: Usable res: 1600 900 59
[17:59:50][graphicssettings.cpp:715]: Usable res: 1600 1024 59
[17:59:50][graphicssettings.cpp:715]: Usable res: 1680 1050 59
[17:59:50][graphicssettings.cpp:715]: Usable res: 2715 1527 60
[17:59:50][graphicssettings.cpp:715]: Usable res: 1920 1080 60
[17:59:50][graphicssettings.cpp:715]: Usable res: 1440 900 60
[17:59:50][graphics.cpp:989]: Done creating device.
[17:59:51][graphicssettings.cpp:715]: Usable res: 640 480 60
[17:59:51][graphicssettings.cpp:715]: Usable res: 720 480 56
[17:59:51][graphicssettings.cpp:715]: Usable res: 720 480 60
[17:59:51][graphicssettings.cpp:715]: Usable res: 720 576 56
[17:59:51][graphicssettings.cpp:715]: Usable res: 720 576 60
[17:59:51][graphicssettings.cpp:715]: Usable res: 800 600 56
[17:59:51][graphicssettings.cpp:715]: Usable res: 800 600 60
[17:59:51][graphicssettings.cpp:715]: Usable res: 1024 768 60
[17:59:51][graphicssettings.cpp:715]: Usable res: 1024 768 70
[17:59:51][graphicssettings.cpp:715]: Usable res: 1152 864 75
[17:59:51][graphicssettings.cpp:715]: Usable res: 1280 720 60
[17:59:51][graphicssettings.cpp:715]: Usable res: 1280 768 60
[17:59:51][graphicssettings.cpp:715]: Usable res: 1280 800 60
[17:59:51][graphicssettings.cpp:715]: Usable res: 1280 960 60
[17:59:51][graphicssettings.cpp:715]: Usable res: 1280 1024 60
[17:59:51][graphicssettings.cpp:715]: Usable res: 1360 768 60
[17:59:51][graphicssettings.cpp:715]: Usable res: 1366 768 60
[17:59:51][graphicssettings.cpp:715]: Usable res: 1600 900 59
[17:59:51][graphicssettings.cpp:715]: Usable res: 1600 1024 59
[17:59:51][graphicssettings.cpp:715]: Usable res: 1680 1050 59
[17:59:51][graphicssettings.cpp:715]: Usable res: 2715 1527 60
[17:59:51][graphicssettings.cpp:715]: Usable res: 1920 1080 60
[17:59:51][graphicssettings.cpp:715]: Usable res: 1440 900 60
[18:01:05][main.cpp:1367]: Creating application...
[18:01:06][gameapplication.cpp:900]: Initializing application...
[18:01:13][gameapplication.cpp:905]: Done initializing application
[18:01:13][gameapplication.cpp:908]: Loading cursor...
[18:01:13][graphicssettings.cpp:746]: Using multisampling: 4
[18:01:13][graphics.cpp:955]: Creating device with: HARDWARE_VERTEXPROCESSING
	Fullscreen=no
	Resolution=1920x1080
[18:01:13][graphicssettings.cpp:715]: Usable res: 640 480 60
[18:01:13][graphicssettings.cpp:715]: Usable res: 720 480 56
[18:01:13][graphicssettings.cpp:715]: Usable res: 720 480 60
[18:01:13][graphicssettings.cpp:715]: Usable res: 720 576 56
[18:01:13][graphicssettings.cpp:715]: Usable res: 720 576 60
[18:01:13][graphicssettings.cpp:715]: Usable res: 800 600 56
[18:01:13][graphicssettings.cpp:715]: Usable res: 800 600 60
[18:01:13][graphicssettings.cpp:715]: Usable res: 1024 768 60
[18:01:13][graphicssettings.cpp:715]: Usable res: 1024 768 70
[18:01:13][graphicssettings.cpp:715]: Usable res: 1152 864 75
[18:01:13][graphicssettings.cpp:715]: Usable res: 1280 720 60
[18:01:13][graphicssettings.cpp:715]: Usable res: 1280 768 60
[18:01:13][graphicssettings.cpp:715]: Usable res: 1280 800 60
[18:01:13][graphicssettings.cpp:715]: Usable res: 1280 960 60
[18:01:13][graphicssettings.cpp:715]: Usable res: 1280 1024 60
[18:01:13][graphicssettings.cpp:715]: Usable res: 1360 768 60
[18:01:13][graphicssettings.cpp:715]: Usable res: 1366 768 60
[18:01:13][graphicssettings.cpp:715]: Usable res: 1600 900 59
[18:01:13][graphicssettings.cpp:715]: Usable res: 1600 1024 59
[18:01:13][graphicssettings.cpp:715]: Usable res: 1680 1050 59
[18:01:13][graphicssettings.cpp:715]: Usable res: 2715 1527 60
[18:01:13][graphicssettings.cpp:715]: Usable res: 1920 1080 60
[18:01:13][graphicssettings.cpp:715]: Usable res: 1440 900 60
[18:01:13][graphics.cpp:989]: Done creating device.
[18:01:36][gameapplication.cpp:1121]: Version: Hydra v1.7.1 (0310) build time: Jun 24 2019 11:54:40
[18:01:49][graphicssettings.cpp:746]: Using multisampling: 4
